<?xml version="1.0" encoding="UTF-8"?>
<testsuite name="com.example.proyectounieventos.servicios.impl.CarritoServiciosImplementTest" tests="6" skipped="0" failures="2" errors="0" timestamp="2024-10-11T05:02:42" hostname="LAPTOP-IPT9OJQB" time="0.506">
  <properties/>
  <testcase name="vaciarCarrito_shouldEmptyCarrito()" classname="com.example.proyectounieventos.servicios.impl.CarritoServiciosImplementTest" time="0.287">
    <failure message="java.lang.Exception: No se encontró el carrito." type="java.lang.Exception">java.lang.Exception: No se encontró el carrito.
	at com.example.proyectounieventos.servicios.impl.CarritoServiciosImplement.obtenerCarrito(CarritoServiciosImplement.java:146)
	at com.example.proyectounieventos.servicios.impl.CarritoServiciosImplement.vaciarCarrito(CarritoServiciosImplement.java:109)
	at com.example.proyectounieventos.servicios.impl.CarritoServiciosImplementTest.vaciarCarrito_shouldEmptyCarrito(CarritoServiciosImplementTest.java:82)
	at java.base/java.lang.reflect.Method.invoke(Method.java:568)
	at java.base/java.util.ArrayList.forEach(ArrayList.java:1511)
	at java.base/java.util.ArrayList.forEach(ArrayList.java:1511)
</failure>
  </testcase>
  <testcase name="agregarItem_shouldThrowExceptionWhenDetalleCompraIsNull()" classname="com.example.proyectounieventos.servicios.impl.CarritoServiciosImplementTest" time="0.024"/>
  <testcase name="agregarItem_shouldAddDetalleCompraToCarrito()" classname="com.example.proyectounieventos.servicios.impl.CarritoServiciosImplementTest" time="0.027"/>
  <testcase name="eliminarItem_shouldRemoveItemFromCarrito()" classname="com.example.proyectounieventos.servicios.impl.CarritoServiciosImplementTest" time="0.043">
    <failure message="java.lang.Exception: No se encontró el carrito." type="java.lang.Exception">java.lang.Exception: No se encontró el carrito.
	at com.example.proyectounieventos.servicios.impl.CarritoServiciosImplement.obtenerCarrito(CarritoServiciosImplement.java:146)
	at com.example.proyectounieventos.servicios.impl.CarritoServiciosImplement.eliminarItem(CarritoServiciosImplement.java:97)
	at com.example.proyectounieventos.servicios.impl.CarritoServiciosImplementTest.eliminarItem_shouldRemoveItemFromCarrito(CarritoServiciosImplementTest.java:68)
	at java.base/java.lang.reflect.Method.invoke(Method.java:568)
	at java.base/java.util.ArrayList.forEach(ArrayList.java:1511)
	at java.base/java.util.ArrayList.forEach(ArrayList.java:1511)
</failure>
  </testcase>
  <testcase name="actualizarValorTotal_shouldUpdateTotalCorrectly()" classname="com.example.proyectounieventos.servicios.impl.CarritoServiciosImplementTest" time="0.056"/>
  <testcase name="verItems_shouldReturnListOfDetalles()" classname="com.example.proyectounieventos.servicios.impl.CarritoServiciosImplementTest" time="0.029"/>
  <system-out><![CDATA[00:02:12.333 [Test worker] INFO org.springframework.test.context.support.AnnotationConfigContextLoaderUtils -- Could not detect default configuration classes for test class [com.example.proyectounieventos.servicios.impl.CarritoServiciosImplementTest]: CarritoServiciosImplementTest does not declare any static, non-private, non-final, nested classes annotated with @Configuration.
00:02:12.763 [Test worker] INFO org.springframework.boot.test.context.SpringBootTestContextBootstrapper -- Found @SpringBootConfiguration com.example.proyectounieventos.ProyectoUniEventosApplication for test class com.example.proyectounieventos.servicios.impl.CarritoServiciosImplementTest

  .   ____          _            __ _ _
 /\\ / ___'_ __ _ _(_)_ __  __ _ \ \ \ \
( ( )\___ | '_ | '_| | '_ \/ _` | \ \ \ \
 \\/  ___)| |_)| | | | | || (_| |  ) ) ) )
  '  |____| .__|_| |_|_| |_\__, | / / / /
 =========|_|==============|___/=/_/_/_/

 :: Spring Boot ::                (v3.3.3)

2024-10-11T00:02:14.067-05:00  INFO 16076 --- [ProyectoUniEventos] [    Test worker] c.e.p.s.i.CarritoServiciosImplementTest  : Starting CarritoServiciosImplementTest using Java 17.0.11 with PID 16076 (started by Santiago in C:\Users\Santiago\Music\ProyectoUniEventos)
2024-10-11T00:02:14.072-05:00  INFO 16076 --- [ProyectoUniEventos] [    Test worker] c.e.p.s.i.CarritoServiciosImplementTest  : No active profile set, falling back to 1 default profile: "default"
2024-10-11T00:02:16.527-05:00  INFO 16076 --- [ProyectoUniEventos] [    Test worker] .s.d.r.c.RepositoryConfigurationDelegate : Bootstrapping Spring Data Reactive MongoDB repositories in DEFAULT mode.
2024-10-11T00:02:17.029-05:00  INFO 16076 --- [ProyectoUniEventos] [    Test worker] .s.d.r.c.RepositoryConfigurationDelegate : Finished Spring Data repository scanning in 487 ms. Found 0 Reactive MongoDB repository interfaces.
2024-10-11T00:02:17.050-05:00  INFO 16076 --- [ProyectoUniEventos] [    Test worker] .s.d.r.c.RepositoryConfigurationDelegate : Bootstrapping Spring Data MongoDB repositories in DEFAULT mode.
2024-10-11T00:02:17.153-05:00  INFO 16076 --- [ProyectoUniEventos] [    Test worker] .s.d.r.c.RepositoryConfigurationDelegate : Finished Spring Data repository scanning in 102 ms. Found 10 MongoDB repository interfaces.
2024-10-11T00:02:17.977-05:00  WARN 16076 --- [ProyectoUniEventos] [    Test worker] trationDelegate$BeanPostProcessorChecker : Bean 'org.springframework.ws.config.annotation.DelegatingWsConfiguration' of type [org.springframework.ws.config.annotation.DelegatingWsConfiguration$$SpringCGLIB$$0] is not eligible for getting processed by all BeanPostProcessors (for example: not eligible for auto-proxying). The currently created BeanPostProcessor [annotationActionEndpointMapping] is declared through a non-static factory method on that class; consider declaring it as static instead.
2024-10-11T00:02:18.110-05:00  INFO 16076 --- [ProyectoUniEventos] [    Test worker] .w.s.a.s.AnnotationActionEndpointMapping : Supporting [WS-Addressing August 2004, WS-Addressing 1.0]
2024-10-11T00:02:18.883-05:00  INFO 16076 --- [ProyectoUniEventos] [    Test worker] org.mongodb.driver.client                : MongoClient with metadata {"driver": {"name": "mongo-java-driver|sync|spring-boot", "version": "5.0.1"}, "os": {"type": "Windows", "name": "Windows 11", "architecture": "amd64", "version": "10.0"}, "platform": "Java/Amazon.com Inc./17.0.11+9-LTS"} created with settings MongoClientSettings{readPreference=primary, writeConcern=WriteConcern{w=null, wTimeout=null ms, journal=null}, retryWrites=true, retryReads=true, readConcern=ReadConcern{level=null}, credential=null, transportSettings=null, commandListeners=[], codecRegistry=ProvidersCodecRegistry{codecProviders=[ValueCodecProvider{}, BsonValueCodecProvider{}, DBRefCodecProvider{}, DBObjectCodecProvider{}, DocumentCodecProvider{}, CollectionCodecProvider{}, IterableCodecProvider{}, MapCodecProvider{}, GeoJsonCodecProvider{}, GridFSFileCodecProvider{}, Jsr310CodecProvider{}, JsonObjectCodecProvider{}, BsonCodecProvider{}, EnumCodecProvider{}, com.mongodb.client.model.mql.ExpressionCodecProvider@5f193335, com.mongodb.Jep395RecordCodecProvider@19002b34, com.mongodb.KotlinCodecProvider@1ec88aa1]}, loggerSettings=LoggerSettings{maxDocumentLength=1000}, clusterSettings={hosts=[localhost:27017], srvServiceName=mongodb, mode=SINGLE, requiredClusterType=UNKNOWN, requiredReplicaSetName='null', serverSelector='null', clusterListeners='[]', serverSelectionTimeout='30000 ms', localThreshold='15 ms'}, socketSettings=SocketSettings{connectTimeoutMS=10000, readTimeoutMS=0, receiveBufferSize=0, proxySettings=ProxySettings{host=null, port=null, username=null, password=null}}, heartbeatSocketSettings=SocketSettings{connectTimeoutMS=10000, readTimeoutMS=10000, receiveBufferSize=0, proxySettings=ProxySettings{host=null, port=null, username=null, password=null}}, connectionPoolSettings=ConnectionPoolSettings{maxSize=100, minSize=0, maxWaitTimeMS=120000, maxConnectionLifeTimeMS=0, maxConnectionIdleTimeMS=0, maintenanceInitialDelayMS=0, maintenanceFrequencyMS=60000, connectionPoolListeners=[], maxConnecting=2}, serverSettings=ServerSettings{heartbeatFrequencyMS=10000, minHeartbeatFrequencyMS=500, serverListeners='[]', serverMonitorListeners='[]'}, sslSettings=SslSettings{enabled=false, invalidHostNameAllowed=false, context=null}, applicationName='null', compressorList=[], uuidRepresentation=JAVA_LEGACY, serverApi=null, autoEncryptionSettings=null, dnsClient=null, inetAddressResolver=null, contextProvider=null}
2024-10-11T00:02:18.937-05:00  INFO 16076 --- [ProyectoUniEventos] [localhost:27017] org.mongodb.driver.cluster               : Monitor thread successfully connected to server with description ServerDescription{address=localhost:27017, type=STANDALONE, state=CONNECTED, ok=true, minWireVersion=0, maxWireVersion=25, maxDocumentSize=16777216, logicalSessionTimeoutMinutes=30, roundTripTimeNanos=62433400}
2024-10-11T00:02:20.372-05:00  WARN 16076 --- [ProyectoUniEventos] [    Test worker] .s.s.UserDetailsServiceAutoConfiguration : 

Using generated security password: 4fc481c2-0700-4879-8f98-61a141580c14

This generated password is for development use only. Your security configuration must be updated before running your application in production.

2024-10-11T00:02:20.448-05:00  INFO 16076 --- [ProyectoUniEventos] [    Test worker] r$InitializeUserDetailsManagerConfigurer : Global AuthenticationManager configured with UserDetailsService bean with name inMemoryUserDetailsManager
2024-10-11T00:02:22.878-05:00  INFO 16076 --- [ProyectoUniEventos] [    Test worker] org.mongodb.driver.client                : MongoClient with metadata {"driver": {"name": "mongo-java-driver|reactive-streams|spring-boot", "version": "5.0.1"}, "os": {"type": "Windows", "name": "Windows 11", "architecture": "amd64", "version": "10.0"}, "platform": "Java/Amazon.com Inc./17.0.11+9-LTS"} created with settings MongoClientSettings{readPreference=primary, writeConcern=WriteConcern{w=null, wTimeout=null ms, journal=null}, retryWrites=true, retryReads=true, readConcern=ReadConcern{level=null}, credential=null, transportSettings=null, commandListeners=[], codecRegistry=ProvidersCodecRegistry{codecProviders=[ValueCodecProvider{}, BsonValueCodecProvider{}, DBRefCodecProvider{}, DBObjectCodecProvider{}, DocumentCodecProvider{}, CollectionCodecProvider{}, IterableCodecProvider{}, MapCodecProvider{}, GeoJsonCodecProvider{}, GridFSFileCodecProvider{}, Jsr310CodecProvider{}, JsonObjectCodecProvider{}, BsonCodecProvider{}, EnumCodecProvider{}, com.mongodb.client.model.mql.ExpressionCodecProvider@5f193335, com.mongodb.Jep395RecordCodecProvider@19002b34, com.mongodb.KotlinCodecProvider@1ec88aa1]}, loggerSettings=LoggerSettings{maxDocumentLength=1000}, clusterSettings={hosts=[localhost:27017], srvServiceName=mongodb, mode=SINGLE, requiredClusterType=UNKNOWN, requiredReplicaSetName='null', serverSelector='null', clusterListeners='[]', serverSelectionTimeout='30000 ms', localThreshold='15 ms'}, socketSettings=SocketSettings{connectTimeoutMS=10000, readTimeoutMS=0, receiveBufferSize=0, proxySettings=ProxySettings{host=null, port=null, username=null, password=null}}, heartbeatSocketSettings=SocketSettings{connectTimeoutMS=10000, readTimeoutMS=10000, receiveBufferSize=0, proxySettings=ProxySettings{host=null, port=null, username=null, password=null}}, connectionPoolSettings=ConnectionPoolSettings{maxSize=100, minSize=0, maxWaitTimeMS=120000, maxConnectionLifeTimeMS=0, maxConnectionIdleTimeMS=0, maintenanceInitialDelayMS=0, maintenanceFrequencyMS=60000, connectionPoolListeners=[], maxConnecting=2}, serverSettings=ServerSettings{heartbeatFrequencyMS=10000, minHeartbeatFrequencyMS=500, serverListeners='[]', serverMonitorListeners='[]'}, sslSettings=SslSettings{enabled=false, invalidHostNameAllowed=false, context=null}, applicationName='null', compressorList=[], uuidRepresentation=JAVA_LEGACY, serverApi=null, autoEncryptionSettings=null, dnsClient=null, inetAddressResolver=null, contextProvider=null}
2024-10-11T00:02:22.888-05:00  INFO 16076 --- [ProyectoUniEventos] [localhost:27017] org.mongodb.driver.cluster               : Monitor thread successfully connected to server with description ServerDescription{address=localhost:27017, type=STANDALONE, state=CONNECTED, ok=true, minWireVersion=0, maxWireVersion=25, maxDocumentSize=16777216, logicalSessionTimeoutMinutes=30, roundTripTimeNanos=15377300}
2024-10-11T00:02:23.280-05:00  INFO 16076 --- [ProyectoUniEventos] [    Test worker] c.e.p.s.i.CarritoServiciosImplementTest  : Started CarritoServiciosImplementTest in 9.967 seconds (process running for 14.095)
Código de validación enviado correctamente al correo: bryan.gomezm@uqvirtual.edu.co
Código enviado a: bryan.gomezm@uqvirtual.edu.co
]]></system-out>
  <system-err><![CDATA[]]></system-err>
</testsuite>
